<?xml version="1.0" encoding="UTF-8"?>
<!-- Generated by org.testng.reporters.JUnitReportReporter -->
<testsuite skipped="0" hostname="DESKTOP-13E63KC" name="com.app.actTime.Testscripts.InvalidLogin" tests="1" failures="0" timestamp="2020-12-20T20:06:34 IST" time="15.543" errors="0">
  <testcase name="testInvalidLogin" time="15.543" classname="com.app.actTime.Testscripts.InvalidLogin"/>
</testsuite> <!-- com.app.actTime.Testscripts.InvalidLogin -->
