<?xml version="1.0" encoding="UTF-8"?>
<!-- Generated by org.testng.reporters.JUnitReportReporter -->
<testsuite skipped="0" hostname="DESKTOP-13E63KC" name="com.app.actTime.Testscripts.AT_ProjectCreate" tests="1" failures="0" timestamp="2020-12-17T17:29:43 IST" time="32.205" errors="0">
  <testcase name="testProjectCreate" time="32.205" classname="com.app.actTime.Testscripts.AT_ProjectCreate"/>
</testsuite> <!-- com.app.actTime.Testscripts.AT_ProjectCreate -->
