<?xml version="1.0" encoding="UTF-8"?>
<!-- Generated by org.testng.reporters.JUnitReportReporter -->
<testsuite skipped="0" hostname="DESKTOP-13E63KC" name="com.app.actTime.Testscripts.ValidLogin" tests="1" failures="0" timestamp="2020-12-16T15:32:28 IST" time="21.422" errors="0">
  <testcase name="testValidLogin" time="21.422" classname="com.app.actTime.Testscripts.ValidLogin"/>
</testsuite> <!-- com.app.actTime.Testscripts.ValidLogin -->
