<?xml version="1.0" encoding="UTF-8"?>
<!-- Generated by org.testng.reporters.JUnitReportReporter -->
<testsuite skipped="0" hostname="DESKTOP-13E63KC" name="com.app.actTime.Testscripts.AT_CustomerCreate" tests="1" failures="0" timestamp="2020-12-17T16:21:47 IST" time="34.428" errors="0">
  <testcase name="testAT_CustomerCreate" time="34.428" classname="com.app.actTime.Testscripts.AT_CustomerCreate"/>
</testsuite> <!-- com.app.actTime.Testscripts.AT_CustomerCreate -->
